app/build/intermediates/manifest_merge_blame_file/debug/processDebugMainManifest/manifest-merger-blame-debug-report.txt
1<?xml version="1.0" encoding="utf-8"?>
2<manifest xmlns:android="http://schemas.android.com/apk/res/android"
3    package="com.example.mobil_alkfejl_1"
4    android:versionCode="1"
5    android:versionName="1.0" >
6
7    <uses-sdk
8        android:minSdkVersion="24"
9        android:targetSdkVersion="34" />
10
11    <uses-permission android:name="android.permission.INTERNET" />
11-->[com.google.firebase:firebase-auth:23.2.0] AndroidManifest.xml:25:5-67
11-->[com.google.firebase:firebase-auth:23.2.0] AndroidManifest.xml:25:22-64
12    <uses-permission android:name="android.permission.ACCESS_NETWORK_STATE" />
12-->[com.google.firebase:firebase-auth:23.2.0] AndroidManifest.xml:26:5-79
12-->[com.google.firebase:firebase-auth:23.2.0] AndroidManifest.xml:26:22-76
13    <uses-permission android:name="com.google.android.providers.gsf.permission.READ_GSERVICES" />
13-->[com.google.android.recaptcha:recaptcha:18.6.1] AndroidManifest.xml:9:5-98
13-->[com.google.android.recaptcha:recaptcha:18.6.1] AndroidManifest.xml:9:22-95
14    <uses-permission android:name="android.permission.WAKE_LOCK" />
14-->[com.google.android.gms:play-services-measurement-api:22.4.0] AndroidManifest.xml:24:5-68
14-->[com.google.android.gms:play-services-measurement-api:22.4.0] AndroidManifest.xml:24:22-65
15    <uses-permission android:name="com.google.android.gms.permission.AD_ID" />
15-->[com.google.android.gms:play-services-measurement-api:22.4.0] AndroidManifest.xml:25:5-79
15-->[com.google.android.gms:play-services-measurement-api:22.4.0] AndroidManifest.xml:25:22-76
16    <uses-permission android:name="android.permission.ACCESS_ADSERVICES_ATTRIBUTION" />
16-->[com.google.android.gms:play-services-measurement-api:22.4.0] AndroidManifest.xml:26:5-88
16-->[com.google.android.gms:play-services-measurement-api:22.4.0] AndroidManifest.xml:26:22-85
17    <uses-permission android:name="android.permission.ACCESS_ADSERVICES_AD_ID" />
17-->[com.google.android.gms:play-services-measurement-api:22.4.0] AndroidManifest.xml:27:5-82
17-->[com.google.android.gms:play-services-measurement-api:22.4.0] AndroidManifest.xml:27:22-79
18    <uses-permission android:name="com.google.android.finsky.permission.BIND_GET_INSTALL_REFERRER_SERVICE" />
18-->[com.google.android.gms:play-services-measurement:22.4.0] AndroidManifest.xml:26:5-110
18-->[com.google.android.gms:play-services-measurement:22.4.0] AndroidManifest.xml:26:22-107
19
20    <permission
20-->[androidx.core:core:1.13.0] AndroidManifest.xml:22:5-24:47
21        android:name="com.example.mobil_alkfejl_1.DYNAMIC_RECEIVER_NOT_EXPORTED_PERMISSION"
21-->[androidx.core:core:1.13.0] AndroidManifest.xml:23:9-81
22        android:protectionLevel="signature" />
22-->[androidx.core:core:1.13.0] AndroidManifest.xml:24:9-44
23
24    <uses-permission android:name="com.example.mobil_alkfejl_1.DYNAMIC_RECEIVER_NOT_EXPORTED_PERMISSION" />
24-->[androidx.core:core:1.13.0] AndroidManifest.xml:26:5-97
24-->[androidx.core:core:1.13.0] AndroidManifest.xml:26:22-94
25
26    <application
26-->src\main\AndroidManifest.xml:5:5-28:19
27        android:allowBackup="true"
27-->src\main\AndroidManifest.xml:6:9-35
28        android:appComponentFactory="androidx.core.app.CoreComponentFactory"
28-->[androidx.core:core:1.13.0] AndroidManifest.xml:28:18-86
29        android:dataExtractionRules="@xml/data_extraction_rules"
29-->src\main\AndroidManifest.xml:7:9-65
30        android:debuggable="true"
31        android:extractNativeLibs="false"
32        android:fullBackupContent="@xml/backup_rules"
32-->src\main\AndroidManifest.xml:8:9-54
33        android:icon="@mipmap/ic_launcher"
33-->src\main\AndroidManifest.xml:9:9-43
34        android:label="@string/app_name"
34-->src\main\AndroidManifest.xml:10:9-41
35        android:roundIcon="@mipmap/ic_launcher_round"
35-->src\main\AndroidManifest.xml:11:9-54
36        android:supportsRtl="true"
36-->src\main\AndroidManifest.xml:12:9-35
37        android:testOnly="true"
38        android:theme="@style/Theme.Mobil_alkfejl_1" >
38-->src\main\AndroidManifest.xml:13:9-53
39        <activity
39-->src\main\AndroidManifest.xml:15:9-23:20
40            android:name="com.example.mobil_alkfejl_1.MainActivity"
40-->src\main\AndroidManifest.xml:16:13-41
41            android:exported="true" >
41-->src\main\AndroidManifest.xml:17:13-36
42            <intent-filter>
42-->src\main\AndroidManifest.xml:18:13-22:29
43                <action android:name="android.intent.action.MAIN" />
43-->src\main\AndroidManifest.xml:19:17-69
43-->src\main\AndroidManifest.xml:19:25-66
44
45                <category android:name="android.intent.category.LAUNCHER" />
45-->src\main\AndroidManifest.xml:21:17-77
45-->src\main\AndroidManifest.xml:21:27-74
46            </intent-filter>
47        </activity>
48        <activity android:name="com.example.mobil_alkfejl_1.LoginActivity" />
48-->src\main\AndroidManifest.xml:24:9-51
48-->src\main\AndroidManifest.xml:24:19-48
49        <activity android:name="com.example.mobil_alkfejl_1.RegisterActivity" />
49-->src\main\AndroidManifest.xml:25:9-54
49-->src\main\AndroidManifest.xml:25:19-51
50        <activity android:name="com.example.mobil_alkfejl_1.HomeActivity" />
50-->src\main\AndroidManifest.xml:26:9-50
50-->src\main\AndroidManifest.xml:26:19-47
51        <activity android:name="com.example.mobil_alkfejl_1.CartActivity" />
51-->src\main\AndroidManifest.xml:27:9-50
51-->src\main\AndroidManifest.xml:27:19-47
52        <activity
52-->[com.google.firebase:firebase-auth:23.2.0] AndroidManifest.xml:29:9-46:20
53            android:name="com.google.firebase.auth.internal.GenericIdpActivity"
53-->[com.google.firebase:firebase-auth:23.2.0] AndroidManifest.xml:30:13-80
54            android:excludeFromRecents="true"
54-->[com.google.firebase:firebase-auth:23.2.0] AndroidManifest.xml:31:13-46
55            android:exported="true"
55-->[com.google.firebase:firebase-auth:23.2.0] AndroidManifest.xml:32:13-36
56            android:launchMode="singleTask"
56-->[com.google.firebase:firebase-auth:23.2.0] AndroidManifest.xml:33:13-44
57            android:theme="@android:style/Theme.Translucent.NoTitleBar" >
57-->[com.google.firebase:firebase-auth:23.2.0] AndroidManifest.xml:34:13-72
58            <intent-filter>
58-->[com.google.firebase:firebase-auth:23.2.0] AndroidManifest.xml:35:13-45:29
59                <action android:name="android.intent.action.VIEW" />
59-->[com.google.firebase:firebase-auth:23.2.0] AndroidManifest.xml:36:17-69
59-->[com.google.firebase:firebase-auth:23.2.0] AndroidManifest.xml:36:25-66
60
61                <category android:name="android.intent.category.DEFAULT" />
61-->[com.google.firebase:firebase-auth:23.2.0] AndroidManifest.xml:38:17-76
61-->[com.google.firebase:firebase-auth:23.2.0] AndroidManifest.xml:38:27-73
62                <category android:name="android.intent.category.BROWSABLE" />
62-->[com.google.firebase:firebase-auth:23.2.0] AndroidManifest.xml:39:17-78
62-->[com.google.firebase:firebase-auth:23.2.0] AndroidManifest.xml:39:27-75
63
64                <data
64-->[com.google.firebase:firebase-auth:23.2.0] AndroidManifest.xml:41:17-44:51
65                    android:host="firebase.auth"
65-->[com.google.firebase:firebase-auth:23.2.0] AndroidManifest.xml:42:21-49
66                    android:path="/"
66-->[com.google.firebase:firebase-auth:23.2.0] AndroidManifest.xml:43:21-37
67                    android:scheme="genericidp" />
67-->[com.google.firebase:firebase-auth:23.2.0] AndroidManifest.xml:44:21-48
68            </intent-filter>
69        </activity>
70        <activity
70-->[com.google.firebase:firebase-auth:23.2.0] AndroidManifest.xml:47:9-64:20
71            android:name="com.google.firebase.auth.internal.RecaptchaActivity"
71-->[com.google.firebase:firebase-auth:23.2.0] AndroidManifest.xml:48:13-79
72            android:excludeFromRecents="true"
72-->[com.google.firebase:firebase-auth:23.2.0] AndroidManifest.xml:49:13-46
73            android:exported="true"
73-->[com.google.firebase:firebase-auth:23.2.0] AndroidManifest.xml:50:13-36
74            android:launchMode="singleTask"
74-->[com.google.firebase:firebase-auth:23.2.0] AndroidManifest.xml:51:13-44
75            android:theme="@android:style/Theme.Translucent.NoTitleBar" >
75-->[com.google.firebase:firebase-auth:23.2.0] AndroidManifest.xml:52:13-72
76            <intent-filter>
76-->[com.google.firebase:firebase-auth:23.2.0] AndroidManifest.xml:53:13-63:29
77                <action android:name="android.intent.action.VIEW" />
77-->[com.google.firebase:firebase-auth:23.2.0] AndroidManifest.xml:36:17-69
77-->[com.google.firebase:firebase-auth:23.2.0] AndroidManifest.xml:36:25-66
78
79                <category android:name="android.intent.category.DEFAULT" />
79-->[com.google.firebase:firebase-auth:23.2.0] AndroidManifest.xml:38:17-76
79-->[com.google.firebase:firebase-auth:23.2.0] AndroidManifest.xml:38:27-73
80                <category android:name="android.intent.category.BROWSABLE" />
80-->[com.google.firebase:firebase-auth:23.2.0] AndroidManifest.xml:39:17-78
80-->[com.google.firebase:firebase-auth:23.2.0] AndroidManifest.xml:39:27-75
81
82                <data
82-->[com.google.firebase:firebase-auth:23.2.0] AndroidManifest.xml:41:17-44:51
83                    android:host="firebase.auth"
83-->[com.google.firebase:firebase-auth:23.2.0] AndroidManifest.xml:42:21-49
84                    android:path="/"
84-->[com.google.firebase:firebase-auth:23.2.0] AndroidManifest.xml:43:21-37
85                    android:scheme="recaptcha" />
85-->[com.google.firebase:firebase-auth:23.2.0] AndroidManifest.xml:44:21-48
86            </intent-filter>
87        </activity>
88
89        <service
89-->[com.google.firebase:firebase-auth:23.2.0] AndroidManifest.xml:66:9-72:19
90            android:name="com.google.firebase.components.ComponentDiscoveryService"
90-->[com.google.firebase:firebase-auth:23.2.0] AndroidManifest.xml:67:13-84
91            android:directBootAware="true"
91-->[com.google.firebase:firebase-common:21.0.0] AndroidManifest.xml:32:13-43
92            android:exported="false" >
92-->[com.google.firebase:firebase-auth:23.2.0] AndroidManifest.xml:68:13-37
93            <meta-data
93-->[com.google.firebase:firebase-auth:23.2.0] AndroidManifest.xml:69:13-71:85
94                android:name="com.google.firebase.components:com.google.firebase.auth.FirebaseAuthRegistrar"
94-->[com.google.firebase:firebase-auth:23.2.0] AndroidManifest.xml:70:17-109
95                android:value="com.google.firebase.components.ComponentRegistrar" />
95-->[com.google.firebase:firebase-auth:23.2.0] AndroidManifest.xml:71:17-82
96            <meta-data
96-->[com.google.firebase:firebase-firestore:25.1.3] AndroidManifest.xml:17:13-19:85
97                android:name="com.google.firebase.components:com.google.firebase.firestore.FirebaseFirestoreKtxRegistrar"
97-->[com.google.firebase:firebase-firestore:25.1.3] AndroidManifest.xml:18:17-122
98                android:value="com.google.firebase.components.ComponentRegistrar" />
98-->[com.google.firebase:firebase-firestore:25.1.3] AndroidManifest.xml:19:17-82
99            <meta-data
99-->[com.google.firebase:firebase-firestore:25.1.3] AndroidManifest.xml:20:13-22:85
100                android:name="com.google.firebase.components:com.google.firebase.firestore.FirestoreRegistrar"
100-->[com.google.firebase:firebase-firestore:25.1.3] AndroidManifest.xml:21:17-111
101                android:value="com.google.firebase.components.ComponentRegistrar" />
101-->[com.google.firebase:firebase-firestore:25.1.3] AndroidManifest.xml:22:17-82
102            <meta-data
102-->[com.google.android.gms:play-services-measurement-api:22.4.0] AndroidManifest.xml:33:13-35:85
103                android:name="com.google.firebase.components:com.google.firebase.analytics.connector.internal.AnalyticsConnectorRegistrar"
103-->[com.google.android.gms:play-services-measurement-api:22.4.0] AndroidManifest.xml:34:17-139
104                android:value="com.google.firebase.components.ComponentRegistrar" />
104-->[com.google.android.gms:play-services-measurement-api:22.4.0] AndroidManifest.xml:35:17-82
105            <meta-data
105-->[com.google.firebase:firebase-installations:18.0.0] AndroidManifest.xml:15:13-17:85
106                android:name="com.google.firebase.components:com.google.firebase.installations.FirebaseInstallationsKtxRegistrar"
106-->[com.google.firebase:firebase-installations:18.0.0] AndroidManifest.xml:16:17-130
107                android:value="com.google.firebase.components.ComponentRegistrar" />
107-->[com.google.firebase:firebase-installations:18.0.0] AndroidManifest.xml:17:17-82
108            <meta-data
108-->[com.google.firebase:firebase-installations:18.0.0] AndroidManifest.xml:18:13-20:85
109                android:name="com.google.firebase.components:com.google.firebase.installations.FirebaseInstallationsRegistrar"
109-->[com.google.firebase:firebase-installations:18.0.0] AndroidManifest.xml:19:17-127
110                android:value="com.google.firebase.components.ComponentRegistrar" />
110-->[com.google.firebase:firebase-installations:18.0.0] AndroidManifest.xml:20:17-82
111            <meta-data
111-->[com.google.firebase:firebase-common-ktx:21.0.0] AndroidManifest.xml:12:13-14:85
112                android:name="com.google.firebase.components:com.google.firebase.ktx.FirebaseCommonLegacyRegistrar"
112-->[com.google.firebase:firebase-common-ktx:21.0.0] AndroidManifest.xml:13:17-116
113                android:value="com.google.firebase.components.ComponentRegistrar" />
113-->[com.google.firebase:firebase-common-ktx:21.0.0] AndroidManifest.xml:14:17-82
114            <meta-data
114-->[com.google.firebase:firebase-common:21.0.0] AndroidManifest.xml:35:13-37:85
115                android:name="com.google.firebase.components:com.google.firebase.FirebaseCommonKtxRegistrar"
115-->[com.google.firebase:firebase-common:21.0.0] AndroidManifest.xml:36:17-109
116                android:value="com.google.firebase.components.ComponentRegistrar" />
116-->[com.google.firebase:firebase-common:21.0.0] AndroidManifest.xml:37:17-82
117        </service>
118        <service
118-->[androidx.credentials:credentials-play-services-auth:1.2.0-rc01] AndroidManifest.xml:24:9-32:19
119            android:name="androidx.credentials.playservices.CredentialProviderMetadataHolder"
119-->[androidx.credentials:credentials-play-services-auth:1.2.0-rc01] AndroidManifest.xml:25:13-94
120            android:enabled="true"
120-->[androidx.credentials:credentials-play-services-auth:1.2.0-rc01] AndroidManifest.xml:26:13-35
121            android:exported="false" >
121-->[androidx.credentials:credentials-play-services-auth:1.2.0-rc01] AndroidManifest.xml:27:13-37
122            <meta-data
122-->[androidx.credentials:credentials-play-services-auth:1.2.0-rc01] AndroidManifest.xml:29:13-31:104
123                android:name="androidx.credentials.CREDENTIAL_PROVIDER_KEY"
123-->[androidx.credentials:credentials-play-services-auth:1.2.0-rc01] AndroidManifest.xml:30:17-76
124                android:value="androidx.credentials.playservices.CredentialProviderPlayServicesImpl" />
124-->[androidx.credentials:credentials-play-services-auth:1.2.0-rc01] AndroidManifest.xml:31:17-101
125        </service>
126
127        <activity
127-->[androidx.credentials:credentials-play-services-auth:1.2.0-rc01] AndroidManifest.xml:34:9-41:20
128            android:name="androidx.credentials.playservices.HiddenActivity"
128-->[androidx.credentials:credentials-play-services-auth:1.2.0-rc01] AndroidManifest.xml:35:13-76
129            android:configChanges="orientation|screenSize|screenLayout|keyboardHidden"
129-->[androidx.credentials:credentials-play-services-auth:1.2.0-rc01] AndroidManifest.xml:36:13-87
130            android:enabled="true"
130-->[androidx.credentials:credentials-play-services-auth:1.2.0-rc01] AndroidManifest.xml:37:13-35
131            android:exported="false"
131-->[androidx.credentials:credentials-play-services-auth:1.2.0-rc01] AndroidManifest.xml:38:13-37
132            android:fitsSystemWindows="true"
132-->[androidx.credentials:credentials-play-services-auth:1.2.0-rc01] AndroidManifest.xml:39:13-45
133            android:theme="@style/Theme.Hidden" >
133-->[androidx.credentials:credentials-play-services-auth:1.2.0-rc01] AndroidManifest.xml:40:13-48
134        </activity>
135        <activity
135-->[com.google.android.gms:play-services-auth:20.7.0] AndroidManifest.xml:23:9-27:75
136            android:name="com.google.android.gms.auth.api.signin.internal.SignInHubActivity"
136-->[com.google.android.gms:play-services-auth:20.7.0] AndroidManifest.xml:24:13-93
137            android:excludeFromRecents="true"
137-->[com.google.android.gms:play-services-auth:20.7.0] AndroidManifest.xml:25:13-46
138            android:exported="false"
138-->[com.google.android.gms:play-services-auth:20.7.0] AndroidManifest.xml:26:13-37
139            android:theme="@android:style/Theme.Translucent.NoTitleBar" />
139-->[com.google.android.gms:play-services-auth:20.7.0] AndroidManifest.xml:27:13-72
140        <!--
141            Service handling Google Sign-In user revocation. For apps that do not integrate with
142            Google Sign-In, this service will never be started.
143        -->
144        <service
144-->[com.google.android.gms:play-services-auth:20.7.0] AndroidManifest.xml:33:9-37:51
145            android:name="com.google.android.gms.auth.api.signin.RevocationBoundService"
145-->[com.google.android.gms:play-services-auth:20.7.0] AndroidManifest.xml:34:13-89
146            android:exported="true"
146-->[com.google.android.gms:play-services-auth:20.7.0] AndroidManifest.xml:35:13-36
147            android:permission="com.google.android.gms.auth.api.signin.permission.REVOCATION_NOTIFICATION"
147-->[com.google.android.gms:play-services-auth:20.7.0] AndroidManifest.xml:36:13-107
148            android:visibleToInstantApps="true" />
148-->[com.google.android.gms:play-services-auth:20.7.0] AndroidManifest.xml:37:13-48
149
150        <provider
150-->[com.google.firebase:firebase-common:21.0.0] AndroidManifest.xml:23:9-28:39
151            android:name="com.google.firebase.provider.FirebaseInitProvider"
151-->[com.google.firebase:firebase-common:21.0.0] AndroidManifest.xml:24:13-77
152            android:authorities="com.example.mobil_alkfejl_1.firebaseinitprovider"
152-->[com.google.firebase:firebase-common:21.0.0] AndroidManifest.xml:25:13-72
153            android:directBootAware="true"
153-->[com.google.firebase:firebase-common:21.0.0] AndroidManifest.xml:26:13-43
154            android:exported="false"
154-->[com.google.firebase:firebase-common:21.0.0] AndroidManifest.xml:27:13-37
155            android:initOrder="100" />
155-->[com.google.firebase:firebase-common:21.0.0] AndroidManifest.xml:28:13-36
156
157        <receiver
157-->[com.google.android.gms:play-services-measurement:22.4.0] AndroidManifest.xml:29:9-33:20
158            android:name="com.google.android.gms.measurement.AppMeasurementReceiver"
158-->[com.google.android.gms:play-services-measurement:22.4.0] AndroidManifest.xml:30:13-85
159            android:enabled="true"
159-->[com.google.android.gms:play-services-measurement:22.4.0] AndroidManifest.xml:31:13-35
160            android:exported="false" >
160-->[com.google.android.gms:play-services-measurement:22.4.0] AndroidManifest.xml:32:13-37
161        </receiver>
162
163        <service
163-->[com.google.android.gms:play-services-measurement:22.4.0] AndroidManifest.xml:35:9-38:40
164            android:name="com.google.android.gms.measurement.AppMeasurementService"
164-->[com.google.android.gms:play-services-measurement:22.4.0] AndroidManifest.xml:36:13-84
165            android:enabled="true"
165-->[com.google.android.gms:play-services-measurement:22.4.0] AndroidManifest.xml:37:13-35
166            android:exported="false" />
166-->[com.google.android.gms:play-services-measurement:22.4.0] AndroidManifest.xml:38:13-37
167        <service
167-->[com.google.android.gms:play-services-measurement:22.4.0] AndroidManifest.xml:39:9-43:72
168            android:name="com.google.android.gms.measurement.AppMeasurementJobService"
168-->[com.google.android.gms:play-services-measurement:22.4.0] AndroidManifest.xml:40:13-87
169            android:enabled="true"
169-->[com.google.android.gms:play-services-measurement:22.4.0] AndroidManifest.xml:41:13-35
170            android:exported="false"
170-->[com.google.android.gms:play-services-measurement:22.4.0] AndroidManifest.xml:42:13-37
171            android:permission="android.permission.BIND_JOB_SERVICE" />
171-->[com.google.android.gms:play-services-measurement:22.4.0] AndroidManifest.xml:43:13-69
172
173        <uses-library
173-->[androidx.privacysandbox.ads:ads-adservices:1.1.0-beta11] AndroidManifest.xml:23:9-25:40
174            android:name="android.ext.adservices"
174-->[androidx.privacysandbox.ads:ads-adservices:1.1.0-beta11] AndroidManifest.xml:24:13-50
175            android:required="false" />
175-->[androidx.privacysandbox.ads:ads-adservices:1.1.0-beta11] AndroidManifest.xml:25:13-37
176
177        <provider
177-->[androidx.emoji2:emoji2:1.3.0] AndroidManifest.xml:24:9-32:20
178            android:name="androidx.startup.InitializationProvider"
178-->[androidx.emoji2:emoji2:1.3.0] AndroidManifest.xml:25:13-67
179            android:authorities="com.example.mobil_alkfejl_1.androidx-startup"
179-->[androidx.emoji2:emoji2:1.3.0] AndroidManifest.xml:26:13-68
180            android:exported="false" >
180-->[androidx.emoji2:emoji2:1.3.0] AndroidManifest.xml:27:13-37
181            <meta-data
181-->[androidx.emoji2:emoji2:1.3.0] AndroidManifest.xml:29:13-31:52
182                android:name="androidx.emoji2.text.EmojiCompatInitializer"
182-->[androidx.emoji2:emoji2:1.3.0] AndroidManifest.xml:30:17-75
183                android:value="androidx.startup" />
183-->[androidx.emoji2:emoji2:1.3.0] AndroidManifest.xml:31:17-49
184            <meta-data
184-->[androidx.lifecycle:lifecycle-process:2.6.2] AndroidManifest.xml:29:13-31:52
185                android:name="androidx.lifecycle.ProcessLifecycleInitializer"
185-->[androidx.lifecycle:lifecycle-process:2.6.2] AndroidManifest.xml:30:17-78
186                android:value="androidx.startup" />
186-->[androidx.lifecycle:lifecycle-process:2.6.2] AndroidManifest.xml:31:17-49
187            <meta-data
187-->[androidx.profileinstaller:profileinstaller:1.3.1] AndroidManifest.xml:29:13-31:52
188                android:name="androidx.profileinstaller.ProfileInstallerInitializer"
188-->[androidx.profileinstaller:profileinstaller:1.3.1] AndroidManifest.xml:30:17-85
189                android:value="androidx.startup" />
189-->[androidx.profileinstaller:profileinstaller:1.3.1] AndroidManifest.xml:31:17-49
190        </provider>
191
192        <activity
192-->[com.google.android.gms:play-services-base:18.5.0] AndroidManifest.xml:5:9-173
193            android:name="com.google.android.gms.common.api.GoogleApiActivity"
193-->[com.google.android.gms:play-services-base:18.5.0] AndroidManifest.xml:5:19-85
194            android:exported="false"
194-->[com.google.android.gms:play-services-base:18.5.0] AndroidManifest.xml:5:146-170
195            android:theme="@android:style/Theme.Translucent.NoTitleBar" />
195-->[com.google.android.gms:play-services-base:18.5.0] AndroidManifest.xml:5:86-145
196
197        <meta-data
197-->[com.google.android.gms:play-services-basement:18.5.0] AndroidManifest.xml:21:9-23:69
198            android:name="com.google.android.gms.version"
198-->[com.google.android.gms:play-services-basement:18.5.0] AndroidManifest.xml:22:13-58
199            android:value="@integer/google_play_services_version" />
199-->[com.google.android.gms:play-services-basement:18.5.0] AndroidManifest.xml:23:13-66
200
201        <receiver
201-->[androidx.profileinstaller:profileinstaller:1.3.1] AndroidManifest.xml:34:9-52:20
202            android:name="androidx.profileinstaller.ProfileInstallReceiver"
202-->[androidx.profileinstaller:profileinstaller:1.3.1] AndroidManifest.xml:35:13-76
203            android:directBootAware="false"
203-->[androidx.profileinstaller:profileinstaller:1.3.1] AndroidManifest.xml:36:13-44
204            android:enabled="true"
204-->[androidx.profileinstaller:profileinstaller:1.3.1] AndroidManifest.xml:37:13-35
205            android:exported="true"
205-->[androidx.profileinstaller:profileinstaller:1.3.1] AndroidManifest.xml:38:13-36
206            android:permission="android.permission.DUMP" >
206-->[androidx.profileinstaller:profileinstaller:1.3.1] AndroidManifest.xml:39:13-57
207            <intent-filter>
207-->[androidx.profileinstaller:profileinstaller:1.3.1] AndroidManifest.xml:40:13-42:29
208                <action android:name="androidx.profileinstaller.action.INSTALL_PROFILE" />
208-->[androidx.profileinstaller:profileinstaller:1.3.1] AndroidManifest.xml:41:17-91
208-->[androidx.profileinstaller:profileinstaller:1.3.1] AndroidManifest.xml:41:25-88
209            </intent-filter>
210            <intent-filter>
210-->[androidx.profileinstaller:profileinstaller:1.3.1] AndroidManifest.xml:43:13-45:29
211                <action android:name="androidx.profileinstaller.action.SKIP_FILE" />
211-->[androidx.profileinstaller:profileinstaller:1.3.1] AndroidManifest.xml:44:17-85
211-->[androidx.profileinstaller:profileinstaller:1.3.1] AndroidManifest.xml:44:25-82
212            </intent-filter>
213            <intent-filter>
213-->[androidx.profileinstaller:profileinstaller:1.3.1] AndroidManifest.xml:46:13-48:29
214                <action android:name="androidx.profileinstaller.action.SAVE_PROFILE" />
214-->[androidx.profileinstaller:profileinstaller:1.3.1] AndroidManifest.xml:47:17-88
214-->[androidx.profileinstaller:profileinstaller:1.3.1] AndroidManifest.xml:47:25-85
215            </intent-filter>
216            <intent-filter>
216-->[androidx.profileinstaller:profileinstaller:1.3.1] AndroidManifest.xml:49:13-51:29
217                <action android:name="androidx.profileinstaller.action.BENCHMARK_OPERATION" />
217-->[androidx.profileinstaller:profileinstaller:1.3.1] AndroidManifest.xml:50:17-95
217-->[androidx.profileinstaller:profileinstaller:1.3.1] AndroidManifest.xml:50:25-92
218            </intent-filter>
219        </receiver> <!-- The activities will be merged into the manifest of the hosting app. -->
220        <activity
220-->[com.google.android.play:core-common:2.0.3] AndroidManifest.xml:14:9-18:65
221            android:name="com.google.android.play.core.common.PlayCoreDialogWrapperActivity"
221-->[com.google.android.play:core-common:2.0.3] AndroidManifest.xml:15:13-93
222            android:exported="false"
222-->[com.google.android.play:core-common:2.0.3] AndroidManifest.xml:16:13-37
223            android:stateNotNeeded="true"
223-->[com.google.android.play:core-common:2.0.3] AndroidManifest.xml:17:13-42
224            android:theme="@style/Theme.PlayCore.Transparent" />
224-->[com.google.android.play:core-common:2.0.3] AndroidManifest.xml:18:13-62
225    </application>
226
227</manifest>